1558008404399	geckodriver	INFO	geckodriver 0.18.0
1558008404428	geckodriver	INFO	Listening on 127.0.0.1:44128
1558008405697	geckodriver::marionette	INFO	Starting browser /usr/local/bin/firefox with args ["-marionette"]
1558008408129	addons.webextension.screenshots@mozilla.org	WARN	Loading extension 'screenshots@mozilla.org': Reading manifest: Invalid host permission: resource://pdf.js/
1558008408130	addons.webextension.screenshots@mozilla.org	WARN	Loading extension 'screenshots@mozilla.org': Reading manifest: Invalid host permission: about:reader*
1558008408474	Marionette	TRACE	Received observer notification profile-after-change
1558008409059	Marionette	TRACE	Received observer notification command-line-startup
1558008409060	Marionette	TRACE	Received observer notification nsPref:changed
1558008409060	Marionette	DEBUG	Init aborted (running=false, enabled=true, finalUIStartup=false)

(firefox:9712): Gtk-WARNING **: Theme parsing error: <data>:1:34: Expected ')' in color definition

(firefox:9712): Gtk-WARNING **: Theme parsing error: <data>:1:78: Expected ')' in color definition
1558008410579	Marionette	TRACE	Received observer notification toplevel-window-ready
1558008412617	Marionette	TRACE	Received observer notification sessionstore-windows-restored
1558008412617	Marionette	TRACE	Waiting until startup recorder finished recording startup scripts...
1558008412857	Marionette	TRACE	All scripts recorded.
1558008412858	Marionette	DEBUG	Setting recommended pref app.normandy.api_url to 
1558008412858	Marionette	DEBUG	Setting recommended pref app.update.disabledForTesting to true
1558008412859	Marionette	DEBUG	Setting recommended pref browser.contentblocking.introCount to 99
1558008412859	Marionette	DEBUG	Setting recommended pref browser.safebrowsing.passwords.enabled to false
1558008412860	Marionette	DEBUG	Setting recommended pref browser.urlbar.suggest.searches to false
1558008412860	Marionette	DEBUG	Setting recommended pref datareporting.policy.dataSubmissionPolicyAccepted to false
1558008412860	Marionette	DEBUG	Setting recommended pref dom.disable_beforeunload to true
1558008412860	Marionette	DEBUG	Setting recommended pref dom.file.createInChild to true
1558008412861	Marionette	DEBUG	Setting recommended pref toolkit.cosmeticAnimations.enabled to false
1558008413034	Marionette	INFO	Listening on port 40478
1558008413034	Marionette	DEBUG	Remote service is active
1558008413062	Marionette	DEBUG	Accepted connection 0 from 127.0.0.1:60492
1558008413153	Marionette	DEBUG	0 -> [0,1,"newSession",{"acceptInsecureCerts":true,"browserName":"firefox","capabilities":{"desiredCapabilities":{"acceptInsecureCerts":true,"browserName":"firefox"}}}]
1558008413154	Marionette	DEBUG	0 <- [1,1,{"error":"unknown command","message":"newSession","stacktrace":"WebDriverError@chrome://marionette/content/error.js:179: ... et@chrome://marionette/content/server.js:236:8\n_onJSONObjectReady/<@chrome://marionette/content/transport.js:490:9\n"},null]
1558008415746	Marionette	DEBUG	Closed connection 0
[Parent 9712, Gecko_IOThread] WARNING: pipe error (92): Connection reset by peer: file /builds/worker/workspace/build/src/ipc/chromium/src/chrome/common/ipc_channel_posix.cc, line 349
[Parent 9712, Gecko_IOThread] WARNING: pipe error (78): Connection reset by peer: file /builds/worker/workspace/build/src/ipc/chromium/src/chrome/common/ipc_channel_posix.cc, line 349
1558008436142	Marionette	TRACE	Received observer notification xpcom-will-shutdown
1558008436142	Marionette	DEBUG	Resetting recommended pref app.normandy.api_url
1558008436142	Marionette	DEBUG	Resetting recommended pref app.update.disabledForTesting
1558008436142	Marionette	DEBUG	Resetting recommended pref browser.contentblocking.introCount
1558008436142	Marionette	DEBUG	Resetting recommended pref browser.safebrowsing.passwords.enabled
1558008436142	Marionette	DEBUG	Resetting recommended pref browser.urlbar.suggest.searches
1558008436143	Marionette	DEBUG	Resetting recommended pref datareporting.policy.dataSubmissionPolicyAccepted
1558008436143	Marionette	DEBUG	Resetting recommended pref dom.disable_beforeunload
1558008436143	Marionette	DEBUG	Resetting recommended pref dom.file.createInChild
1558008436143	Marionette	DEBUG	Resetting recommended pref toolkit.cosmeticAnimations.enabled
1558008436144	Marionette	INFO	Stopped listening on port 40478
1558008436144	Marionette	DEBUG	Remote service is inactive
